{"C:\\Users\\Samuel\\Desktop\\proyectoRata\\RatRace\\backend\\src\\application\\use-cases\\auth\\RegisterUseCase.ts": {"path":"C:\\Users\\Samuel\\Desktop\\proyectoRata\\RatRace\\backend\\src\\application\\use-cases\\auth\\RegisterUseCase.ts","statementMap":{"0":{"start":{"line":3,"column":0},"end":{"line":3,"column":59}},"1":{"start":{"line":4,"column":0},"end":{"line":4,"column":65}},"2":{"start":{"line":21,"column":12},"end":{"line":21,"column":42}},"3":{"start":{"line":22,"column":12},"end":{"line":22,"column":44}},"4":{"start":{"line":26,"column":42},"end":{"line":26,"column":47}},"5":{"start":{"line":28,"column":28},"end":{"line":28,"column":54}},"6":{"start":{"line":29,"column":31},"end":{"line":29,"column":46}},"7":{"start":{"line":31,"column":25},"end":{"line":31,"column":79}},"8":{"start":{"line":33,"column":4},"end":{"line":35,"column":5}},"9":{"start":{"line":34,"column":6},"end":{"line":34,"column":61}},"10":{"start":{"line":38,"column":6},"end":{"line":38,"column":66}},"11":{"start":{"line":40,"column":4},"end":{"line":42,"column":5}},"12":{"start":{"line":41,"column":6},"end":{"line":41,"column":64}},"13":{"start":{"line":44,"column":25},"end":{"line":44,"column":66}},"14":{"start":{"line":46,"column":17},"end":{"line":59,"column":6}},"15":{"start":{"line":61,"column":4},"end":{"line":65,"column":6}},"16":{"start":{"line":19,"column":0},"end":{"line":19,"column":13}}},"fnMap":{"0":{"name":"(anonymous_0)","decl":{"start":{"line":20,"column":2},"end":{"line":20,"column":null}},"loc":{"start":{"line":22,"column":44},"end":{"line":23,"column":6}}},"1":{"name":"(anonymous_1)","decl":{"start":{"line":25,"column":2},"end":{"line":25,"column":7}},"loc":{"start":{"line":25,"column":36},"end":{"line":66,"column":3}}}},"branchMap":{"0":{"loc":{"start":{"line":33,"column":4},"end":{"line":35,"column":5}},"type":"if","locations":[{"start":{"line":33,"column":4},"end":{"line":35,"column":5}},{"start":{},"end":{}}]},"1":{"loc":{"start":{"line":40,"column":4},"end":{"line":42,"column":5}},"type":"if","locations":[{"start":{"line":40,"column":4},"end":{"line":42,"column":5}},{"start":{},"end":{}}]}},"s":{"0":1,"1":1,"2":3,"3":3,"4":3,"5":3,"6":3,"7":3,"8":3,"9":1,"10":2,"11":2,"12":1,"13":1,"14":1,"15":1,"16":1},"f":{"0":3,"1":3},"b":{"0":[1,2],"1":[1,1]}}
,"C:\\Users\\Samuel\\Desktop\\proyectoRata\\RatRace\\backend\\src\\shared\\constants\\role.constants.ts": {"path":"C:\\Users\\Samuel\\Desktop\\proyectoRata\\RatRace\\backend\\src\\shared\\constants\\role.constants.ts","statementMap":{"0":{"start":{"line":1,"column":13},"end":{"line":4,"column":11}},"1":{"start":{"line":8,"column":13},"end":{"line":8,"column":64}}},"fnMap":{},"branchMap":{},"s":{"0":1,"1":1},"f":{},"b":{}}
,"C:\\Users\\Samuel\\Desktop\\proyectoRata\\RatRace\\backend\\src\\shared\\errors\\AppError.ts": {"path":"C:\\Users\\Samuel\\Desktop\\proyectoRata\\RatRace\\backend\\src\\shared\\errors\\AppError.ts","statementMap":{"0":{"start":{"line":5,"column":4},"end":{"line":5,"column":19}},"1":{"start":{"line":6,"column":4},"end":{"line":6,"column":33}},"2":{"start":{"line":1,"column":0},"end":{"line":1,"column":13}}},"fnMap":{"0":{"name":"(anonymous_0)","decl":{"start":{"line":4,"column":2},"end":{"line":4,"column":14}},"loc":{"start":{"line":4,"column":47},"end":{"line":7,"column":3}}}},"branchMap":{"0":{"loc":{"start":{"line":4,"column":31},"end":{"line":4,"column":47}},"type":"default-arg","locations":[{"start":{"line":4,"column":44},"end":{"line":4,"column":47}}]}},"s":{"0":4,"1":4,"2":1},"f":{"0":4},"b":{"0":[0]}}
}
