TN:
SF:src\application\use-cases\auth\RegisterUseCase.ts
FN:20,(anonymous_0)
FN:25,(anonymous_1)
FNF:2
FNH:2
FNDA:3,(anonymous_0)
FNDA:3,(anonymous_1)
DA:3,1
DA:4,1
DA:19,1
DA:21,3
DA:22,3
DA:26,3
DA:28,3
DA:29,3
DA:31,3
DA:33,3
DA:34,1
DA:38,2
DA:40,2
DA:41,1
DA:44,1
DA:46,1
DA:61,1
LF:17
LH:17
BRDA:33,0,0,1
BRDA:33,0,1,2
BRDA:40,1,0,1
BRDA:40,1,1,1
BRF:4
BRH:4
end_of_record
TN:
SF:src\shared\constants\role.constants.ts
FNF:0
FNH:0
DA:1,1
DA:8,1
LF:2
LH:2
BRF:0
BRH:0
end_of_record
TN:
SF:src\shared\errors\AppError.ts
FN:4,(anonymous_0)
FNF:1
FNH:1
FNDA:4,(anonymous_0)
DA:1,1
DA:5,4
DA:6,4
LF:3
LH:3
BRDA:4,0,0,0
BRF:1
BRH:0
end_of_record
